0 info it worked if it ends with ok
1 verbose cli [ 'C:\\Program Files\\nodejs\\node.exe',
1 verbose cli   'C:\\Program Files\\nodejs\\node_modules\\npm\\bin\\npm-cli.js',
1 verbose cli   'run',
1 verbose cli   'test' ]
2 info using npm@2.14.3
3 info using node@v4.1.0
4 verbose run-script [ 'pretest', 'test', 'posttest' ]
5 info pretest moment-msdate@0.2.0
6 info test moment-msdate@0.2.0
7 verbose unsafe-perm in lifecycle true
8 info moment-msdate@0.2.0 Failed to exec test script
9 verbose stack Error: moment-msdate@0.2.0 test: `npm run lint && npm run mocha`
9 verbose stack Exit status 1
9 verbose stack     at EventEmitter.<anonymous> (C:\Program Files\nodejs\node_modules\npm\lib\utils\lifecycle.js:214:16)
9 verbose stack     at emitTwo (events.js:87:13)
9 verbose stack     at EventEmitter.emit (events.js:172:7)
9 verbose stack     at ChildProcess.<anonymous> (C:\Program Files\nodejs\node_modules\npm\lib\utils\spawn.js:24:14)
9 verbose stack     at emitTwo (events.js:87:13)
9 verbose stack     at ChildProcess.emit (events.js:172:7)
9 verbose stack     at maybeClose (internal/child_process.js:817:16)
9 verbose stack     at Process.ChildProcess._handle.onexit (internal/child_process.js:211:5)
10 verbose pkgid moment-msdate@0.2.0
11 verbose cwd C:\Projects\playground\moment-msdate-open-source
12 error Windows_NT 6.1.7601
13 error argv "C:\\Program Files\\nodejs\\node.exe" "C:\\Program Files\\nodejs\\node_modules\\npm\\bin\\npm-cli.js" "run" "test"
14 error node v4.1.0
15 error npm  v2.14.3
16 error code ELIFECYCLE
17 error moment-msdate@0.2.0 test: `npm run lint && npm run mocha`
17 error Exit status 1
18 error Failed at the moment-msdate@0.2.0 test script 'npm run lint && npm run mocha'.
18 error This is most likely a problem with the moment-msdate package,
18 error not with npm itself.
18 error Tell the author that this fails on your system:
18 error     npm run lint && npm run mocha
18 error You can get their info via:
18 error     npm owner ls moment-msdate
18 error There is likely additional logging output above.
19 verbose exit [ 1, true ]
